0 info it worked if it ends with ok
1 verbose cli [ 'node', '/usr/local/bin/npm', 'publish' ]
2 info using npm@1.1.66
3 info using node@v0.8.15
4 verbose publish [ '.' ]
5 verbose read json /Users/kevin/dev/twilio/twilio-node/package.json
6 verbose cache add [ '.', null ]
7 silly cache add name=undefined spec="." args=[".",null]
8 verbose parsed url { pathname: '.', path: '.', href: '.' }
9 silly lockFile 3a52ce78- .
10 verbose lock . /Users/kevin/.npm/3a52ce78-.lock
11 verbose read json package.json
12 verbose tar pack [ '/Users/kevin/tmp/npm-41922/1363623425554-0.8517458285205066/tmp.tgz',
12 verbose tar pack   '.' ]
13 verbose tarball /Users/kevin/tmp/npm-41922/1363623425554-0.8517458285205066/tmp.tgz
14 verbose folder .
15 info prepublish twilio@1.0.1
16 silly lockFile d50a60cf-25554-0-8517458285205066-tmp-tgz /Users/kevin/tmp/npm-41922/1363623425554-0.8517458285205066/tmp.tgz
17 verbose lock /Users/kevin/tmp/npm-41922/1363623425554-0.8517458285205066/tmp.tgz /Users/kevin/.npm/d50a60cf-25554-0-8517458285205066-tmp-tgz.lock
18 silly lockFile d50a60cf-25554-0-8517458285205066-tmp-tgz /Users/kevin/tmp/npm-41922/1363623425554-0.8517458285205066/tmp.tgz
19 verbose tar unpack /Users/kevin/tmp/npm-41922/1363623425554-0.8517458285205066/tmp.tgz
20 silly lockFile 275ea9a2-25554-0-8517458285205066-package /Users/kevin/tmp/npm-41922/1363623425554-0.8517458285205066/package
21 verbose lock /Users/kevin/tmp/npm-41922/1363623425554-0.8517458285205066/package /Users/kevin/.npm/275ea9a2-25554-0-8517458285205066-package.lock
22 silly gunzTarPerm modes [ '755', '644' ]
23 silly gunzTarPerm extractEntry package.json
24 silly gunzTarPerm extractEntry .npmignore
25 silly gunzTarPerm extractEntry README.md
26 silly gunzTarPerm extractEntry LICENSE
27 silly gunzTarPerm extractEntry index.js
28 silly gunzTarPerm extractEntry config.js
29 silly gunzTarPerm extractEntry config.sample.js
30 silly gunzTarPerm extractEntry examples/example.js
31 silly gunzTarPerm extractEntry examples/more.md
32 silly gunzTarPerm extractEntry old-help.md
33 silly gunzTarPerm extractEntry lib/Capability.js
34 silly gunzTarPerm extractEntry lib/index.js
35 silly gunzTarPerm extractEntry lib/RestClient.js
36 silly gunzTarPerm extractEntry lib/TwimlResponse.js
37 silly gunzTarPerm extractEntry lib/resources/Accounts.js
38 silly gunzTarPerm extractEntry lib/resources/AvailablePhoneNumbers.js
39 silly gunzTarPerm extractEntry lib/resources/Calls.js
40 silly gunzTarPerm extractEntry lib/resources/Conferences.js
41 silly gunzTarPerm extractEntry lib/resources/generate.js
42 silly gunzTarPerm extractEntry lib/resources/IncomingPhoneNumbers.js
43 silly gunzTarPerm extractEntry lib/resources/ListInstanceResource.js
44 silly gunzTarPerm extractEntry lib/resources/Queues.js
45 silly gunzTarPerm extractEntry lib/resources/Recordings.js
46 silly gunzTarPerm extractEntry lib/resources/UsageRecords.js
47 verbose read json /Users/kevin/tmp/npm-41922/1363623425554-0.8517458285205066/package/package.json
48 silly lockFile 275ea9a2-25554-0-8517458285205066-package /Users/kevin/tmp/npm-41922/1363623425554-0.8517458285205066/package
49 verbose from cache /Users/kevin/tmp/npm-41922/1363623425554-0.8517458285205066/package/package.json
50 verbose tar pack [ '/Users/kevin/.npm/twilio/1.0.1/package.tgz',
50 verbose tar pack   '/Users/kevin/tmp/npm-41922/1363623425554-0.8517458285205066/package' ]
51 verbose tarball /Users/kevin/.npm/twilio/1.0.1/package.tgz
52 verbose folder /Users/kevin/tmp/npm-41922/1363623425554-0.8517458285205066/package
53 silly lockFile 4bb0669c-vin-npm-twilio-1-0-1-package-tgz /Users/kevin/.npm/twilio/1.0.1/package.tgz
54 verbose lock /Users/kevin/.npm/twilio/1.0.1/package.tgz /Users/kevin/.npm/4bb0669c-vin-npm-twilio-1-0-1-package-tgz.lock
55 silly lockFile 4bb0669c-vin-npm-twilio-1-0-1-package-tgz /Users/kevin/.npm/twilio/1.0.1/package.tgz
56 silly lockFile 878a5623-s-kevin-npm-twilio-1-0-1-package /Users/kevin/.npm/twilio/1.0.1/package
57 verbose lock /Users/kevin/.npm/twilio/1.0.1/package /Users/kevin/.npm/878a5623-s-kevin-npm-twilio-1-0-1-package.lock
58 silly lockFile 878a5623-s-kevin-npm-twilio-1-0-1-package /Users/kevin/.npm/twilio/1.0.1/package
59 verbose tar unpack /Users/kevin/.npm/twilio/1.0.1/package.tgz
60 silly lockFile 878a5623-s-kevin-npm-twilio-1-0-1-package /Users/kevin/.npm/twilio/1.0.1/package
61 verbose lock /Users/kevin/.npm/twilio/1.0.1/package /Users/kevin/.npm/878a5623-s-kevin-npm-twilio-1-0-1-package.lock
62 silly gunzTarPerm modes [ '755', '644' ]
63 silly gunzTarPerm extractEntry package.json
64 silly gunzTarPerm extractEntry .npmignore
65 silly gunzTarPerm extractEntry README.md
66 silly gunzTarPerm extractEntry LICENSE
67 silly gunzTarPerm extractEntry config.js
68 silly gunzTarPerm extractEntry config.sample.js
69 silly gunzTarPerm extractEntry index.js
70 silly gunzTarPerm extractEntry examples/example.js
71 silly gunzTarPerm extractEntry examples/more.md
72 silly gunzTarPerm extractEntry lib/Capability.js
73 silly gunzTarPerm extractEntry lib/index.js
74 silly gunzTarPerm extractEntry lib/RestClient.js
75 silly gunzTarPerm extractEntry lib/TwimlResponse.js
76 silly gunzTarPerm extractEntry lib/resources/Accounts.js
77 silly gunzTarPerm extractEntry lib/resources/AvailablePhoneNumbers.js
78 silly gunzTarPerm extractEntry lib/resources/Calls.js
79 silly gunzTarPerm extractEntry lib/resources/Conferences.js
80 silly gunzTarPerm extractEntry lib/resources/generate.js
81 silly gunzTarPerm extractEntry lib/resources/IncomingPhoneNumbers.js
82 silly gunzTarPerm extractEntry lib/resources/ListInstanceResource.js
83 silly gunzTarPerm extractEntry lib/resources/Queues.js
84 silly gunzTarPerm extractEntry lib/resources/Recordings.js
85 silly gunzTarPerm extractEntry lib/resources/UsageRecords.js
86 silly gunzTarPerm extractEntry old-help.md
87 verbose read json /Users/kevin/.npm/twilio/1.0.1/package/package.json
88 silly lockFile 878a5623-s-kevin-npm-twilio-1-0-1-package /Users/kevin/.npm/twilio/1.0.1/package
89 silly shasum updated bytes 13162
90 info shasum c1a121de916c882d577eea85fc7d05341b4c6712
90 info shasum /Users/kevin/.npm/twilio/1.0.1/package.tgz
91 verbose from cache /Users/kevin/.npm/twilio/1.0.1/package/package.json
92 verbose chmod /Users/kevin/.npm/twilio/1.0.1/package.tgz 644
93 verbose chown /Users/kevin/.npm/twilio/1.0.1/package.tgz [ 0, 20 ]
94 silly lockFile 3a52ce78- .
95 silly publish { name: 'twilio',
95 silly publish   description: 'A Twilio helper library',
95 silly publish   version: '1.0.1',
95 silly publish   author: { name: 'Kevin Whinnery', email: 'kevin.whinnery@gmail.com' },
95 silly publish   contributors:
95 silly publish    [ { name: 'Carter Rabasa', email: 'carter@twilio.com' },
95 silly publish      { name: 'Stephen Walters', email: 'stephenwalters@gmail.com' } ],
95 silly publish   repository:
95 silly publish    { type: 'git',
95 silly publish      url: 'https://github.com/twilio/twilio-node.git' },
95 silly publish   dependencies: { request: '2.x', underscore: '1.x', 'jwt-simple': '0.1.x' },
95 silly publish   devDependencies: { express: '2.x', connect: '2.x', ejs: '0.8.x' },
95 silly publish   scripts: { test: 'jasmine-node spec' },
95 silly publish   main: './lib',
95 silly publish   engines: { node: '>=0.6.0' },
95 silly publish   readme: '# twilio-node\n\nA node.js Twilio helper library.  For usage infomation and API docs, head out here:\n\n[http://twilio.github.com/twilio-node/](http://twilio.github.com/twilio-node/)\n',
95 silly publish   readmeFilename: 'README.md',
95 silly publish   _id: 'twilio@1.0.1',
95 silly publish   dist: { shasum: 'c1a121de916c882d577eea85fc7d05341b4c6712' } }
96 verbose url raw twilio
97 verbose url resolving [ 'https://registry.npmjs.org/', './twilio' ]
98 verbose url resolved https://registry.npmjs.org/twilio
99 info trying registry request attempt 1 at 11:17:07
100 http PUT https://registry.npmjs.org/twilio
101 http 409 https://registry.npmjs.org/twilio
102 verbose url raw twilio
103 verbose url resolving [ 'https://registry.npmjs.org/', './twilio' ]
104 verbose url resolved https://registry.npmjs.org/twilio
105 info trying registry request attempt 1 at 11:17:07
106 http GET https://registry.npmjs.org/twilio
107 http 200 https://registry.npmjs.org/twilio
108 error publish fail Cannot publish over existing version.
108 error publish fail Bump the 'version' field, set the --force flag, or
108 error publish fail     npm unpublish 'twilio@1.0.1'
108 error publish fail and try again
109 error System Darwin 12.2.1
110 error command "node" "/usr/local/bin/npm" "publish"
111 error cwd /Users/kevin/dev/twilio/twilio-node
112 error node -v v0.8.15
113 error npm -v 1.1.66
114 error code EPUBLISHCONFLICT
115 verbose exit [ 1, true ]
